# JRE version: OpenJDK Runtime Environment (8.0_202-b03) (build 1.8.0_202-release-1483-b03)
# Java VM: OpenJDK 64-Bit Server VM (25.202-b03 mixed mode windows-amd64 compressed oops)
Heap:
 PSYoungGen      total 94720K, used 81797K [0x00000000e0000000, 0x00000000e6800000, 0x0000000100000000)
  eden space 82432K, 90% used [0x00000000e0000000,0x00000000e4927530,0x00000000e5080000)
  from space 12288K, 56% used [0x00000000e5c00000,0x00000000e62ba0f0,0x00000000e6800000)
  to   space 11776K, 0% used [0x00000000e5080000,0x00000000e5080000,0x00000000e5c00000)
 ParOldGen       total 78336K, used 9744K [0x00000000a0000000, 0x00000000a4c80000, 0x00000000e0000000)
  object space 78336K, 12% used [0x00000000a0000000,0x00000000a0984038,0x00000000a4c80000)
 Metaspace       used 34177K, capacity 34798K, committed 35072K, reserved 1079296K
  class space    used 4679K, capacity 4864K, committed 4864K, reserved 1048576K
GC Heap History (10 events):
Event: 7.351 GC heap before
{Heap before GC invocations=3 (full 0):
 PSYoungGen      total 56320K, used 56303K [0x00000000e0000000, 0x00000000e3e80000, 0x0000000100000000)
  eden space 48640K, 100% used [0x00000000e0000000,0x00000000e2f80000,0x00000000e2f80000)
  from space 7680K, 99% used [0x00000000e3700000,0x00000000e3e7bef8,0x00000000e3e80000)
  to   space 7680K, 0% used [0x00000000e2f80000,0x00000000e2f80000,0x00000000e3700000)
 ParOldGen       total 128512K, used 36K [0x00000000a0000000, 0x00000000a7d80000, 0x00000000e0000000)
  object space 128512K, 0% used [0x00000000a0000000,0x00000000a00091b8,0x00000000a7d80000)
 Metaspace       used 17030K, capacity 17456K, committed 17792K, reserved 1064960K
  class space    used 2454K, capacity 2578K, committed 2688K, reserved 1048576K
Event: 7.363 GC heap after
Heap after GC invocations=3 (full 0):
 PSYoungGen      total 56320K, used 7660K [0x00000000e0000000, 0x00000000e3e80000, 0x0000000100000000)
  eden space 48640K, 0% used [0x00000000e0000000,0x00000000e0000000,0x00000000e2f80000)
  from space 7680K, 99% used [0x00000000e2f80000,0x00000000e36fb390,0x00000000e3700000)
  to   space 7680K, 0% used [0x00000000e3700000,0x00000000e3700000,0x00000000e3e80000)
 ParOldGen       total 128512K, used 2374K [0x00000000a0000000, 0x00000000a7d80000, 0x00000000e0000000)
  object space 128512K, 1% used [0x00000000a0000000,0x00000000a0251828,0x00000000a7d80000)
 Metaspace       used 17030K, capacity 17456K, committed 17792K, reserved 1064960K
  class space    used 2454K, capacity 2578K, committed 2688K, reserved 1048576K
}
Event: 7.933 GC heap before
{Heap before GC invocations=4 (full 0):
 PSYoungGen      total 56320K, used 39294K [0x00000000e0000000, 0x00000000e3e80000, 0x0000000100000000)
  eden space 48640K, 65% used [0x00000000e0000000,0x00000000e1ee4810,0x00000000e2f80000)
  from space 7680K, 99% used [0x00000000e2f80000,0x00000000e36fb390,0x00000000e3700000)
  to   space 7680K, 0% used [0x00000000e3700000,0x00000000e3700000,0x00000000e3e80000)
 ParOldGen       total 128512K, used 2374K [0x00000000a0000000, 0x00000000a7d80000, 0x00000000e0000000)
  object space 128512K, 1% used [0x00000000a0000000,0x00000000a0251828,0x00000000a7d80000)
 Metaspace       used 20705K, capacity 21116K, committed 21248K, reserved 1067008K
  class space    used 2916K, capacity 3066K, committed 3072K, reserved 1048576K
Event: 7.944 GC heap after
Heap after GC invocations=4 (full 0):
 PSYoungGen      total 56320K, used 7658K [0x00000000e0000000, 0x00000000e3e80000, 0x0000000100000000)
  eden space 48640K, 0% used [0x00000000e0000000,0x00000000e0000000,0x00000000e2f80000)
  from space 7680K, 99% used [0x00000000e3700000,0x00000000e3e7ab38,0x00000000e3e80000)
  to   space 7680K, 0% used [0x00000000e2f80000,0x00000000e2f80000,0x00000000e3700000)
 ParOldGen       total 128512K, used 4777K [0x00000000a0000000, 0x00000000a7d80000, 0x00000000e0000000)
  object space 128512K, 3% used [0x00000000a0000000,0x00000000a04aa4b0,0x00000000a7d80000)
 Metaspace       used 20705K, capacity 21116K, committed 21248K, reserved 1067008K
  class space    used 2916K, capacity 3066K, committed 3072K, reserved 1048576K
}
Event: 7.944 GC heap before
{Heap before GC invocations=5 (full 1):
 PSYoungGen      total 56320K, used 7658K [0x00000000e0000000, 0x00000000e3e80000, 0x0000000100000000)
  eden space 48640K, 0% used [0x00000000e0000000,0x00000000e0000000,0x00000000e2f80000)
  from space 7680K, 99% used [0x00000000e3700000,0x00000000e3e7ab38,0x00000000e3e80000)
  to   space 7680K, 0% used [0x00000000e2f80000,0x00000000e2f80000,0x00000000e3700000)
 ParOldGen       total 128512K, used 4777K [0x00000000a0000000, 0x00000000a7d80000, 0x00000000e0000000)
  object space 128512K, 3% used [0x00000000a0000000,0x00000000a04aa4b0,0x00000000a7d80000)
 Metaspace       used 20705K, capacity 21116K, committed 21248K, reserved 1067008K
  class space    used 2916K, capacity 3066K, committed 3072K, reserved 1048576K
Event: 7.982 GC heap after
Heap after GC invocations=5 (full 1):
 PSYoungGen      total 56320K, used 0K [0x00000000e0000000, 0x00000000e3e80000, 0x0000000100000000)
  eden space 48640K, 0% used [0x00000000e0000000,0x00000000e0000000,0x00000000e2f80000)
  from space 7680K, 0% used [0x00000000e3700000,0x00000000e3700000,0x00000000e3e80000)
  to   space 7680K, 0% used [0x00000000e2f80000,0x00000000e2f80000,0x00000000e3700000)
 ParOldGen       total 78336K, used 9728K [0x00000000a0000000, 0x00000000a4c80000, 0x00000000e0000000)
  object space 78336K, 12% used [0x00000000a0000000,0x00000000a0980038,0x00000000a4c80000)
 Metaspace       used 20705K, capacity 21116K, committed 21248K, reserved 1067008K
  class space    used 2916K, capacity 3066K, committed 3072K, reserved 1048576K
}
Event: 9.029 GC heap before
{Heap before GC invocations=6 (full 1):
 PSYoungGen      total 56320K, used 48640K [0x00000000e0000000, 0x00000000e3e80000, 0x0000000100000000)
  eden space 48640K, 100% used [0x00000000e0000000,0x00000000e2f80000,0x00000000e2f80000)
  from space 7680K, 0% used [0x00000000e3700000,0x00000000e3700000,0x00000000e3e80000)
  to   space 7680K, 0% used [0x00000000e2f80000,0x00000000e2f80000,0x00000000e3700000)
 ParOldGen       total 78336K, used 9728K [0x00000000a0000000, 0x00000000a4c80000, 0x00000000e0000000)
  object space 78336K, 12% used [0x00000000a0000000,0x00000000a0980038,0x00000000a4c80000)
 Metaspace       used 27118K, capacity 27642K, committed 28032K, reserved 1073152K
  class space    used 3695K, capacity 3846K, committed 3968K, reserved 1048576K
Event: 9.043 GC heap after
Heap after GC invocations=6 (full 1):
 PSYoungGen      total 56320K, used 6357K [0x00000000e0000000, 0x00000000e6800000, 0x0000000100000000)
  eden space 48640K, 0% used [0x00000000e0000000,0x00000000e0000000,0x00000000e2f80000)
  from space 7680K, 82% used [0x00000000e2f80000,0x00000000e35b5430,0x00000000e3700000)
  to   space 12288K, 0% used [0x00000000e5c00000,0x00000000e5c00000,0x00000000e6800000)
 ParOldGen       total 78336K, used 9736K [0x00000000a0000000, 0x00000000a4c80000, 0x00000000e0000000)
  object space 78336K, 12% used [0x00000000a0000000,0x00000000a0982038,0x00000000a4c80000)
 Metaspace       used 27118K, capacity 27642K, committed 28032K, reserved 1073152K
  class space    used 3695K, capacity 3846K, committed 3968K, reserved 1048576K
}
Event: 9.788 GC heap before
{Heap before GC invocations=7 (full 1):
 PSYoungGen      total 56320K, used 54997K [0x00000000e0000000, 0x00000000e6800000, 0x0000000100000000)
  eden space 48640K, 100% used [0x00000000e0000000,0x00000000e2f80000,0x00000000e2f80000)
  from space 7680K, 82% used [0x00000000e2f80000,0x00000000e35b5430,0x00000000e3700000)
  to   space 12288K, 0% used [0x00000000e5c00000,0x00000000e5c00000,0x00000000e6800000)
 ParOldGen       total 78336K, used 9736K [0x00000000a0000000, 0x00000000a4c80000, 0x00000000e0000000)
  object space 78336K, 12% used [0x00000000a0000000,0x00000000a0982038,0x00000000a4c80000)
 Metaspace       used 30225K, capacity 30772K, committed 31232K, reserved 1077248K
  class space    used 4091K, capacity 4247K, committed 4352K, reserved 1048576K
Event: 9.798 GC heap after
Heap after GC invocations=7 (full 1):
 PSYoungGen      total 94720K, used 6888K [0x00000000e0000000, 0x00000000e6800000, 0x0000000100000000)
  eden space 82432K, 0% used [0x00000000e0000000,0x00000000e0000000,0x00000000e5080000)
  from space 12288K, 56% used [0x00000000e5c00000,0x00000000e62ba0f0,0x00000000e6800000)
  to   space 11776K, 0% used [0x00000000e5080000,0x00000000e5080000,0x00000000e5c00000)
 ParOldGen       total 78336K, used 9744K [0x00000000a0000000, 0x00000000a4c80000, 0x00000000e0000000)
  object space 78336K, 12% used [0x00000000a0000000,0x00000000a0984038,0x00000000a4c80000)
 Metaspace       used 30225K, capacity 30772K, committed 31232K, reserved 1077248K
  class space    used 4091K, capacity 4247K, committed 4352K, reserved 1048576K
}

